

Version:	3.50
CmdLine:	C:\Users\felip\Desktop\BoxeoEducativo\boxing-edu-game-1\boxeo-edu-game.exe --l4j-debug
JNI:		No
WOW64:		Yes
Working dir:	C:\Users\felip\Desktop\BoxeoEducativo\boxing-edu-game-1\.
Requires JDK:	No
Requires 64-Bit: No
Java min ver:	
Java max ver:	
Substitute:	JAVA_HOME = 
Substitute:	PATH = C:\Python313\Scripts\;C:\Python313\;C:\Program Files\Common Files\Oracle\Java\javapath;C:\Program Files (x86)\Common Files\Oracle\Java\java8path;C:\Program Files (x86)\Common Files\Oracle\Java\javapath;C:\WINDOWS\system32;C:\WINDOWS;C:\WINDOWS\System32\Wbem;C:\WINDOWS\System32\WindowsPowerShell\v1.0\;C:\WINDOWS\System32\OpenSSH\;C:\xampp\php;C:\ProgramData\ComposerSetup\bin;C:\Program Files\nodejs\;C:\ProgramData\chocolatey\bin;C:\Program Files\Git\cmd;C:\Program Files\dotnet\;C:\Users\felip\AppData\Local\Microsoft\WindowsApps;C:\Users\felip\AppData\Local\Programs\Microsoft VS Code\bin;C:\Users\felip\AppData\Roaming\Composer\vendor\bin;C:\Users\felip\AppData\Roaming\npm;C:\Users\felip\.redhat\Maven\mvn\bin;C:\Program Files (x86)\Java\jre1.8.0_441\bin
JRE paths:	;C:\Python313\Scripts\;C:\Python313\;C:\Program Files\Common Files\Oracle\Java\javapath;C:\Program Files (x86)\Common Files\Oracle\Java\java8path;C:\Program Files (x86)\Common Files\Oracle\Java\javapath;C:\WINDOWS\system32;C:\WINDOWS;C:\WINDOWS\System32\Wbem;C:\WINDOWS\System32\WindowsPowerShell\v1.0\;C:\WINDOWS\System32\OpenSSH\;C:\xampp\php;C:\ProgramData\ComposerSetup\bin;C:\Program Files\nodejs\;C:\ProgramData\chocolatey\bin;C:\Program Files\Git\cmd;C:\Program Files\dotnet\;C:\Users\felip\AppData\Local\Microsoft\WindowsApps;C:\Users\felip\AppData\Local\Programs\Microsoft VS Code\bin;C:\Users\felip\AppData\Roaming\Composer\vendor\bin;C:\Users\felip\AppData\Roaming\npm;C:\Users\felip\.redhat\Maven\mvn\bin;C:\Program Files (x86)\Java\jre1.8.0_441\bin
Check launcher:	C:\Python313\Scripts\bin\javaw.exe (not found)
Check launcher:	C:\Python313\bin\javaw.exe (not found)
Check launcher:	C:\Program Files\Common Files\Oracle\Java\javapath\bin\javaw.exe (not found)
Check launcher:	C:\Program Files (x86)\Common Files\Oracle\Java\java8path\bin\javaw.exe (not found)
Check launcher:	C:\Program Files (x86)\Common Files\Oracle\Java\javapath\bin\javaw.exe (not found)
Check launcher:	C:\WINDOWS\system32\bin\javaw.exe (not found)
Check launcher:	C:\WINDOWS\bin\javaw.exe (not found)
Check launcher:	C:\WINDOWS\System32\Wbem\bin\javaw.exe (not found)
Check launcher:	C:\WINDOWS\System32\WindowsPowerShell\v1.0\bin\javaw.exe (not found)
Check launcher:	C:\WINDOWS\System32\OpenSSH\bin\javaw.exe (not found)
Check launcher:	C:\xampp\php\bin\javaw.exe (not found)
Check launcher:	C:\ProgramData\ComposerSetup\bin\javaw.exe (not found)
Check launcher:	C:\Program Files\nodejs\bin\javaw.exe (not found)
Check launcher:	C:\ProgramData\chocolatey\bin\javaw.exe (not found)
Check launcher:	C:\Program Files\Git\cmd\bin\javaw.exe (not found)
Check launcher:	C:\Program Files\dotnet\bin\javaw.exe (not found)
Check launcher:	C:\Users\felip\AppData\Local\Microsoft\WindowsApps\bin\javaw.exe (not found)
Check launcher:	C:\Users\felip\AppData\Local\Programs\Microsoft VS Code\bin\javaw.exe (not found)
Check launcher:	C:\Users\felip\AppData\Roaming\Composer\vendor\bin\javaw.exe (not found)
Check launcher:	C:\Users\felip\AppData\Roaming\npm\bin\javaw.exe (not found)
Check launcher:	C:\Users\felip\.redhat\Maven\mvn\bin\javaw.exe (not found)
Check launcher:	C:\Program Files (x86)\Java\jre1.8.0_441\bin\javaw.exe (OK)
Version string: 1.008.000_441 / 32-Bit (OK)
Main class:	main.Main
Add classpath:	boxing-edu-game-1.0-SNAPSHOT,jar
Launcher:	C:\Program Files (x86)\Java\jre1.8.0_441\bin\javaw.exe
Launcher args:	-classpath "C:\Users\felip\Desktop\BoxeoEducativo\boxing-edu-game-1\boxeo-edu-game.exe;boxing-edu-game-1.0-SNAPSHOT,jar" main.Main
Args length:	130/32768 chars
Exit code:	0


Version:	3.50
CmdLine:	C:\Users\felip\Desktop\BoxeoEducativo\boxing-edu-game-1\boxeo-edu-game.exe --l4j-debug
JNI:		No
WOW64:		Yes
Working dir:	C:\Users\felip\Desktop\BoxeoEducativo\boxing-edu-game-1\.
Requires JDK:	No
Requires 64-Bit: No
Java min ver:	
Java max ver:	
JRE paths:	jdk-21.0.8+9-jre
Check launcher:	C:\Users\felip\Desktop\BoxeoEducativo\boxing-edu-game-1\jdk-21.0.8+9-jre\bin\javaw.exe (OK)
Cannot create process "C:\Users\felip\Desktop\BoxeoEducativo\boxing-edu-game-1\jdk-21.0.8+9-jre\bin\javaw.exe" -version
Cannot run java(w) -version
Error msg:	This application requires a Java Runtime Environment.
Error:		Esta versión de %1 no es compatible con la versión de Windows que está ejecutando. Compruebe la información de sistema del equipo y después póngase en contacto con el anunciante de software.



Version:	3.50
CmdLine:	C:\Users\felip\Desktop\BoxeoEducativo\boxeo-edu-game.exe --l4j-debug
JNI:		No
WOW64:		Yes
Working dir:	C:\Users\felip\Desktop\BoxeoEducativo\.
Requires JDK:	No
Requires 64-Bit: No
Java min ver:	
Java max ver:	
JRE paths:	jdk-21.0.8+9-jre
Check launcher:	C:\Users\felip\Desktop\BoxeoEducativo\jdk-21.0.8+9-jre\bin\javaw.exe (OK)
Version string: 1.021.000_008 / 64-Bit (OK)
Main class:	main.Main
Add classpath:	BoxeoEducativo-1.0-SNAPSHOT,jar
Launcher:	C:\Users\felip\Desktop\BoxeoEducativo\jdk-21.0.8+9-jre\bin\javaw.exe
Launcher args:	-classpath "C:\Users\felip\Desktop\BoxeoEducativo\boxeo-edu-game.exe;BoxeoEducativo-1.0-SNAPSHOT,jar" main.Main
Args length:	111/32768 chars
Exit code:	0
